<?xml version="1.0" encoding="UTF-8"?>
<!-- Generated by org.testng.reporters.JUnitReportReporter -->
<testsuite hostname="Testriq-20s-MacBook-Pro.local" failures="0" tests="1" name="com.watch.site.search_result.TestSearchResultPage" time="50.995" errors="0" timestamp="2025-06-01T21:07:19 IST" skipped="0">
  <testcase classname="com.watch.site.search_result.TestSearchResultPage" name="testSearchFunctionalityWRTMatchingProduct" time="50.995"/>
</testsuite> <!-- com.watch.site.search_result.TestSearchResultPage -->
