<?xml version="1.0" encoding="UTF-8"?>
<!-- Generated by org.testng.reporters.JUnitReportReporter -->
<testsuite hostname="Testriq-20s-MacBook-Pro.local" failures="0" tests="1" name="com.watch.site.product.TestProductAddedToCart" time="40.399" errors="0" timestamp="2025-06-01T20:18:25 IST" skipped="0">
  <testcase classname="com.watch.site.product.TestProductAddedToCart" name="testSuccessfulProductAddToCart" time="40.399"/>
</testsuite> <!-- com.watch.site.product.TestProductAddedToCart -->
