<?xml version="1.0" encoding="UTF-8"?>
<!-- Generated by org.testng.reporters.JUnitReportReporter -->
<testsuite hostname="Testriq-20s-MacBook-Pro.local" failures="0" tests="3" name="com.watch.site.product.TestProductAddedToCart" time="19.063" errors="1" timestamp="2025-06-15T14:19:51 IST" skipped="1">
  <testcase classname="com.watch.site.product.TestProductAddedToCart" name="testSuccessfulProductAddToCart" time="19.044"/>
  <testcase classname="com.watch.site.product.TestProductAddedToCart" name="testSuccessfulProductAddToCart" time="0.000">
    <skipped/>
  </testcase> <!-- testSuccessfulProductAddToCart -->
  <testcase classname="com.watch.site.product.TestProductAddedToCart" name="cleanData" time="0.019">
    <error message="2 exception(s): [org.apache.commons.io.IOIndexedException: FileNotFoundException #0: File does not exist: /Users/testriq_20/eclipse-workspace/Ecubix/screenshots/testNavigationToContactUsPage.png, org.apache.commons.io.IOIndexedException: FileNotFoundException #1: File does not exist: /Users/testriq_20/eclipse-workspace/Ecubix/screenshots/testSuccessfulFormSubmission.png]" type="org.apache.commons.io.IOExceptionList">
      <![CDATA[org.apache.commons.io.IOExceptionList: 2 exception(s): [org.apache.commons.io.IOIndexedException: FileNotFoundException #0: File does not exist: /Users/testriq_20/eclipse-workspace/Ecubix/screenshots/testNavigationToContactUsPage.png, org.apache.commons.io.IOIndexedException: FileNotFoundException #1: File does not exist: /Users/testriq_20/eclipse-workspace/Ecubix/screenshots/testSuccessfulFormSubmission.png]
at org.apache.commons.io.IOExceptionList.checkEmpty(IOExceptionList.java:50)
at org.apache.commons.io.function.IOStream.forAll(IOStream.java:357)
at org.apache.commons.io.function.IOStreams.forAll(IOStreams.java:42)
at org.apache.commons.io.function.IOStreams.forAll(IOStreams.java:36)
at org.apache.commons.io.function.IOConsumer.forAll(IOConsumer.java:82)
at org.apache.commons.io.FileUtils.cleanDirectory(FileUtils.java:381)
at com.watch.site.core.DriverManagementCore.cleanDirectory(DriverManagementCore.java:106)
at com.watch.site.core.DriverManagementCore.cleanData(DriverManagementCore.java:122)
at java.base/jdk.internal.reflect.DirectMethodHandleAccessor.invoke(DirectMethodHandleAccessor.java:103)
at java.base/java.lang.reflect.Method.invoke(Method.java:580)
at org.testng.internal.invokers.MethodInvocationHelper.invokeMethod(MethodInvocationHelper.java:141)
at org.testng.internal.invokers.MethodInvocationHelper.invokeMethodConsideringTimeout(MethodInvocationHelper.java:71)
at org.testng.internal.invokers.ConfigInvoker.invokeConfigurationMethod(ConfigInvoker.java:400)
at org.testng.internal.invokers.ConfigInvoker.invokeConfigurations(ConfigInvoker.java:333)
at org.testng.SuiteRunner.privateRun(SuiteRunner.java:358)
at org.testng.SuiteRunner.run(SuiteRunner.java:312)
at org.testng.SuiteRunnerWorker.runSuite(SuiteRunnerWorker.java:52)
at org.testng.SuiteRunnerWorker.run(SuiteRunnerWorker.java:95)
at java.base/java.util.concurrent.Executors$RunnableAdapter.call(Executors.java:572)
at java.base/java.util.concurrent.FutureTask.run(FutureTask.java:317)
at org.testng.internal.thread.graph.TestNGFutureTask.run(TestNGFutureTask.java:22)
at java.base/java.util.concurrent.ThreadPoolExecutor.runWorker(ThreadPoolExecutor.java:1144)
at java.base/java.util.concurrent.ThreadPoolExecutor$Worker.run(ThreadPoolExecutor.java:642)
at java.base/java.lang.Thread.run(Thread.java:1575)
Caused by: org.apache.commons.io.IOIndexedException: FileNotFoundException #0: File does not exist: /Users/testriq_20/eclipse-workspace/Ecubix/screenshots/testNavigationToContactUsPage.png
at org.apache.commons.io.function.IOStream.lambda$forAll$11(IOStream.java:352)
at java.base/java.util.Spliterators$ArraySpliterator.forEachRemaining(Spliterators.java:1024)
at java.base/java.util.stream.ReferencePipeline$Head.forEach(ReferencePipeline.java:807)
at org.apache.commons.io.function.IOStream.forAll(IOStream.java:343)
... 22 more
Caused by: java.io.FileNotFoundException: File does not exist: /Users/testriq_20/eclipse-workspace/Ecubix/screenshots/testNavigationToContactUsPage.png
at org.apache.commons.io.FileUtils.forceDelete(FileUtils.java:1432)
at org.apache.commons.io.FileUtils.lambda$cleanDirectory$0(FileUtils.java:381)
at org.apache.commons.io.function.IOStream.lambda$forAll$11(IOStream.java:345)
... 25 more
]]>
    </error>
  </testcase> <!-- cleanData -->
</testsuite> <!-- com.watch.site.product.TestProductAddedToCart -->
