<?xml version="1.0" encoding="UTF-8"?>
<!-- Generated by org.testng.reporters.JUnitReportReporter -->
<testsuite hostname="Testriq-20s-MacBook-Pro.local" failures="0" tests="2" name="com.watch.site.search_result.TestSearchResultPage" time="0.000" errors="0" timestamp="2025-06-01T20:03:35 IST" skipped="2">
  <testcase classname="com.watch.site.search_result.TestSearchResultPage" name="testSearchFunctionalityWRTMatchingProduct" time="0.000">
    <skipped/>
  </testcase> <!-- testSearchFunctionalityWRTMatchingProduct -->
  <testcase classname="com.watch.site.search_result.TestSearchResultPage" name="testSearchFunctionalityWRTNoMatchingProduct" time="0.000">
    <skipped/>
  </testcase> <!-- testSearchFunctionalityWRTNoMatchingProduct -->
</testsuite> <!-- com.watch.site.search_result.TestSearchResultPage -->
